TN:
SF:src/LoggerInstance.ts
FN:26,(anonymous_0)
FN:30,(anonymous_1)
FN:42,(anonymous_2)
FN:51,(anonymous_3)
FN:59,(anonymous_4)
FN:62,(anonymous_5)
FN:78,(anonymous_6)
FN:81,(anonymous_7)
FNF:8
FNH:8
FNDA:1,(anonymous_0)
FNDA:3,(anonymous_1)
FNDA:2,(anonymous_2)
FNDA:1,(anonymous_3)
FNDA:1,(anonymous_4)
FNDA:1,(anonymous_5)
FNDA:1,(anonymous_6)
FNDA:2,(anonymous_7)
DA:10,1
DA:14,1
DA:27,1
DA:31,3
DA:32,1
DA:34,3
DA:43,2
DA:52,1
DA:60,1
DA:62,1
DA:63,1
DA:64,1
DA:65,1
DA:69,1
DA:79,1
DA:81,1
DA:82,2
DA:85,1
LF:18
LH:18
BRDA:31,0,0,1
BRDA:31,0,1,2
BRDA:63,1,0,1
BRDA:63,1,1,0
BRDA:82,2,0,2
BRDA:82,2,1,0
BRF:6
BRH:4
end_of_record
TN:
SF:src/basicFunctions.ts
FN:10,add
FNF:1
FNH:1
FNDA:3,add
DA:10,1
DA:11,3
LF:2
LH:2
BRF:0
BRH:0
end_of_record
