TN:
SF:src/LoggerInstance.ts
FN:10,<static_initializer>
FN:10,<instance_members_initializer>
FN:26,LoggerInstance
FN:30,getLoggerInstance
FN:42,addItem
FN:51,getAction
FN:59,searchActions
FN:78,searchActionsbyNameAction
FNF:8
FNH:8
FNDA:1,<static_initializer>
FNDA:1,<instance_members_initializer>
FNDA:1,LoggerInstance
FNDA:3,getLoggerInstance
FNDA:2,addItem
FNDA:1,getAction
FNDA:1,searchActions
FNDA:1,searchActionsbyNameAction
DA:1,1
DA:2,1
DA:3,1
DA:4,1
DA:5,1
DA:6,1
DA:7,1
DA:8,1
DA:9,1
DA:10,1
DA:11,1
DA:12,1
DA:13,1
DA:14,1
DA:15,1
DA:16,1
DA:17,1
DA:18,1
DA:19,1
DA:20,1
DA:21,1
DA:22,1
DA:23,1
DA:24,1
DA:25,1
DA:26,1
DA:27,1
DA:28,1
DA:29,1
DA:30,1
DA:31,3
DA:32,1
DA:33,1
DA:34,3
DA:35,3
DA:36,1
DA:37,1
DA:38,1
DA:39,1
DA:40,1
DA:41,1
DA:42,1
DA:43,2
DA:44,2
DA:45,1
DA:46,1
DA:47,1
DA:48,1
DA:49,1
DA:50,1
DA:51,1
DA:52,1
DA:53,1
DA:54,1
DA:55,1
DA:56,1
DA:57,1
DA:58,1
DA:59,1
DA:60,1
DA:61,1
DA:62,1
DA:63,1
DA:64,1
DA:65,1
DA:66,1
DA:67,1
DA:68,1
DA:69,1
DA:70,1
DA:71,1
DA:72,1
DA:73,1
DA:74,1
DA:75,1
DA:76,1
DA:77,1
DA:78,1
DA:79,1
DA:80,1
DA:81,1
DA:82,2
DA:83,1
DA:84,1
DA:85,1
DA:86,1
DA:87,1
DA:88,1
DA:89,1
LF:89
LH:89
BRDA:10,0,0,1
BRDA:10,1,0,1
BRDA:26,2,0,1
BRDA:30,3,0,3
BRDA:31,4,0,1
BRDA:42,5,0,2
BRDA:51,6,0,1
BRDA:59,7,0,1
BRDA:62,8,0,1
BRDA:78,9,0,1
BRDA:81,10,0,2
BRF:11
BRH:11
end_of_record
TN:
SF:src/basicFunctions.ts
FN:10,add
FNF:1
FNH:1
FNDA:3,add
DA:1,1
DA:2,1
DA:3,1
DA:4,1
DA:5,1
DA:6,1
DA:7,1
DA:8,1
DA:9,1
DA:10,1
DA:11,3
DA:12,3
LF:12
LH:12
BRDA:10,0,0,3
BRF:1
BRH:1
end_of_record
